RUN	JSF_Simulation	jsf-simulation	1553698323380	 	3.0.3
USER	Simulation_Select	1	START	1553698324334	1553698324334
REQUEST	1		InitialRequest	1553698324391	1553698324470	KO	regex(<input\stype="hidden"\sname="javax.faces.ViewState"\sid=".+:javax.faces.ViewState:0"\svalue="([\-\d:]+)").find.exists, found nothing
ERROR	Select: Failed to build request: No attribute named 'viewState' is defined 	1553698324557
USER	Simulation_Select	2	START	1553698325385	1553698325385
REQUEST	2		InitialRequest	1553698325386	1553698325418	KO	regex(<input\stype="hidden"\sname="javax.faces.ViewState"\sid=".+:javax.faces.ViewState:0"\svalue="([\-\d:]+)").find.exists, found nothing
ERROR	Select: Failed to build request: No attribute named 'viewState' is defined 	1553698325430
ERROR	Select: Failed to build request: No attribute named 'viewState' is defined 	1553698325506
USER	Simulation_Select	3	START	1553698326386	1553698326386
REQUEST	3		InitialRequest	1553698326387	1553698326416	KO	regex(<input\stype="hidden"\sname="javax.faces.ViewState"\sid=".+:javax.faces.ViewState:0"\svalue="([\-\d:]+)").find.exists, found nothing
ERROR	Select: Failed to build request: No attribute named 'viewState' is defined 	1553698326424
ERROR	Select: Failed to build request: No attribute named 'viewState' is defined 	1553698326436
ERROR	Select: Failed to build request: No attribute named 'viewState' is defined 	1553698326516
USER	Simulation_Select	4	START	1553698327316	1553698327316
REQUEST	4		InitialRequest	1553698327317	1553698327350	OK	 
ERROR	Select: Failed to build request: No attribute named 'viewState' is defined 	1553698327436
ERROR	Select: Failed to build request: No attribute named 'viewState' is defined 	1553698327445
REQUEST	4		theme.css.jsf?ln=primefaces-my-theme-new	1553698327489	1553698327495	OK	 
USER	Simulation_Select	1	END	1553698324334	1553698327517
REQUEST	4		inputnumber.js.jsf;jsessionid=816BF8A7DFA7E624DD46E61C3C795B66?ln=primefaces&v=6.1	1553698327524	1553698327530	OK	 
REQUEST	4		components.css.jsf;jsessionid=816BF8A7DFA7E624DD46E61C3C795B66?ln=primefaces&v=6.1	1553698327490	1553698327538	OK	 
REQUEST	4		jquery.js.jsf;jsessionid=816BF8A7DFA7E624DD46E61C3C795B66?ln=primefaces&v=6.1	1553698327491	1553698327546	OK	 
REQUEST	4		core.js.jsf;jsessionid=816BF8A7DFA7E624DD46E61C3C795B66?ln=primefaces&v=6.1	1553698327492	1553698327549	OK	 
REQUEST	4		inputnumber.css.jsf;jsessionid=816BF8A7DFA7E624DD46E61C3C795B66?ln=primefaces&v=6.1	1553698327533	1553698327551	OK	 
REQUEST	4		loader.gif;jsessionid=816BF8A7DFA7E624DD46E61C3C795B66?pfdrid_c=true	1553698327543	1553698327555	OK	 
REQUEST	4		jquery-plugins.js.jsf;jsessionid=816BF8A7DFA7E624DD46E61C3C795B66?ln=primefaces&v=6.1	1553698327492	1553698327559	OK	 
REQUEST	4		components.js.jsf;jsessionid=816BF8A7DFA7E624DD46E61C3C795B66?ln=primefaces&v=6.1	1553698327492	1553698327562	OK	 
REQUEST	4		Select	1553698327567	1553698327576	OK	 
USER	Simulation_Select	5	START	1553698328316	1553698328316
REQUEST	5		InitialRequest	1553698328317	1553698328373	OK	 
REQUEST	5		theme.css.jsf?ln=primefaces-my-theme-new	1553698328386	1553698328393	OK	 
REQUEST	5		inputnumber.js.jsf;jsessionid=7853D67368718E90A408DB3A90937E72?ln=primefaces&v=6.1	1553698328394	1553698328423	OK	 
REQUEST	5		components.css.jsf;jsessionid=7853D67368718E90A408DB3A90937E72?ln=primefaces&v=6.1	1553698328387	1553698328426	OK	 
REQUEST	5		jquery.js.jsf;jsessionid=7853D67368718E90A408DB3A90937E72?ln=primefaces&v=6.1	1553698328387	1553698328432	OK	 
REQUEST	5		jquery-plugins.js.jsf;jsessionid=7853D67368718E90A408DB3A90937E72?ln=primefaces&v=6.1	1553698328388	1553698328436	OK	 
REQUEST	5		core.js.jsf;jsessionid=7853D67368718E90A408DB3A90937E72?ln=primefaces&v=6.1	1553698328390	1553698328438	OK	 
REQUEST	5		inputnumber.css.jsf;jsessionid=7853D67368718E90A408DB3A90937E72?ln=primefaces&v=6.1	1553698328424	1553698328440	OK	 
REQUEST	5		loader.gif;jsessionid=7853D67368718E90A408DB3A90937E72?pfdrid_c=true	1553698328429	1553698328442	OK	 
ERROR	Select: Failed to build request: No attribute named 'viewState' is defined 	1553698328445
REQUEST	5		components.js.jsf;jsessionid=7853D67368718E90A408DB3A90937E72?ln=primefaces&v=6.1	1553698328391	1553698328446	OK	 
USER	Simulation_Select	2	END	1553698325385	1553698328445
REQUEST	5		Select	1553698328448	1553698328455	OK	 
REQUEST	4		Select	1553698328597	1553698328606	OK	 
USER	Simulation_Select	6	START	1553698329336	1553698329336
REQUEST	6		InitialRequest	1553698329337	1553698329368	OK	 
REQUEST	6		theme.css.jsf?ln=primefaces-my-theme-new	1553698329379	1553698329385	OK	 
REQUEST	6		inputnumber.js.jsf;jsessionid=62DDF304027BC82F7DDA39C02975B6D9?ln=primefaces&v=6.1	1553698329386	1553698329394	OK	 
REQUEST	6		components.css.jsf;jsessionid=62DDF304027BC82F7DDA39C02975B6D9?ln=primefaces&v=6.1	1553698329380	1553698329398	OK	 
REQUEST	6		inputnumber.css.jsf;jsessionid=62DDF304027BC82F7DDA39C02975B6D9?ln=primefaces&v=6.1	1553698329395	1553698329401	OK	 
REQUEST	6		core.js.jsf;jsessionid=62DDF304027BC82F7DDA39C02975B6D9?ln=primefaces&v=6.1	1553698329382	1553698329404	OK	 
REQUEST	6		loader.gif;jsessionid=62DDF304027BC82F7DDA39C02975B6D9?pfdrid_c=true	1553698329400	1553698329406	OK	 
REQUEST	6		jquery-plugins.js.jsf;jsessionid=62DDF304027BC82F7DDA39C02975B6D9?ln=primefaces&v=6.1	1553698329382	1553698329412	OK	 
REQUEST	6		jquery.js.jsf;jsessionid=62DDF304027BC82F7DDA39C02975B6D9?ln=primefaces&v=6.1	1553698329381	1553698329417	OK	 
REQUEST	6		components.js.jsf;jsessionid=62DDF304027BC82F7DDA39C02975B6D9?ln=primefaces&v=6.1	1553698329383	1553698329422	OK	 
REQUEST	6		Select	1553698329423	1553698329429	OK	 
USER	Simulation_Select	3	END	1553698326386	1553698329446
REQUEST	5		Select	1553698329477	1553698329482	OK	 
REQUEST	4		Select	1553698329607	1553698329614	OK	 
USER	Simulation_Select	7	START	1553698330315	1553698330315
REQUEST	7		InitialRequest	1553698330316	1553698330344	OK	 
REQUEST	7		theme.css.jsf?ln=primefaces-my-theme-new	1553698330354	1553698330361	OK	 
REQUEST	7		inputnumber.js.jsf;jsessionid=AB6C3F08A7D71748A6955ABB57BE9F46?ln=primefaces&v=6.1	1553698330362	1553698330369	OK	 
REQUEST	7		components.css.jsf;jsessionid=AB6C3F08A7D71748A6955ABB57BE9F46?ln=primefaces&v=6.1	1553698330355	1553698330374	OK	 
REQUEST	7		inputnumber.css.jsf;jsessionid=AB6C3F08A7D71748A6955ABB57BE9F46?ln=primefaces&v=6.1	1553698330370	1553698330392	OK	 
REQUEST	7		jquery.js.jsf;jsessionid=AB6C3F08A7D71748A6955ABB57BE9F46?ln=primefaces&v=6.1	1553698330356	1553698330396	OK	 
REQUEST	7		core.js.jsf;jsessionid=AB6C3F08A7D71748A6955ABB57BE9F46?ln=primefaces&v=6.1	1553698330358	1553698330397	OK	 
REQUEST	7		jquery-plugins.js.jsf;jsessionid=AB6C3F08A7D71748A6955ABB57BE9F46?ln=primefaces&v=6.1	1553698330357	1553698330400	OK	 
REQUEST	7		components.js.jsf;jsessionid=AB6C3F08A7D71748A6955ABB57BE9F46?ln=primefaces&v=6.1	1553698330358	1553698330404	OK	 
REQUEST	7		loader.gif;jsessionid=AB6C3F08A7D71748A6955ABB57BE9F46?pfdrid_c=true	1553698330389	1553698330405	OK	 
REQUEST	7		Select	1553698330406	1553698330412	OK	 
REQUEST	6		Select	1553698330447	1553698330452	OK	 
REQUEST	5		Select	1553698330476	1553698330482	OK	 
USER	Simulation_Select	4	END	1553698327316	1553698330606
USER	Simulation_Select	8	START	1553698331315	1553698331315
REQUEST	8		InitialRequest	1553698331316	1553698331331	OK	 
REQUEST	8		theme.css.jsf?ln=primefaces-my-theme-new	1553698331344	1553698331351	OK	 
REQUEST	8		inputnumber.js.jsf;jsessionid=3B07749A49CBC21E968EB46A123FE641?ln=primefaces&v=6.1	1553698331352	1553698331370	OK	 
REQUEST	8		core.js.jsf;jsessionid=3B07749A49CBC21E968EB46A123FE641?ln=primefaces&v=6.1	1553698331347	1553698331373	OK	 
REQUEST	8		jquery.js.jsf;jsessionid=3B07749A49CBC21E968EB46A123FE641?ln=primefaces&v=6.1	1553698331346	1553698331376	OK	 
REQUEST	8		components.css.jsf;jsessionid=3B07749A49CBC21E968EB46A123FE641?ln=primefaces&v=6.1	1553698331345	1553698331378	OK	 
REQUEST	8		