RUN	JSF_Simulation	jsf-simulation	1553702073585	 	3.0.3
USER	Simulation_Select	1	START	1553702074700	1553702074700
USER	Simulation_Select	2	START	1553702075766	1553702075766
REQUEST	1		InitialRequest	1553702074759	1553702076411	OK	 
REQUEST	2		InitialRequest	1553702075767	1553702076414	OK	 
REQUEST	2		jquery-plugins.js.jsf;jsessionid=3DC6973B73307BA09AB58D1DF95A2246?ln=primefaces&v=6.1	1553702076654	1553702076700	OK	 
REQUEST	2		components.js.jsf;jsessionid=3DC6973B73307BA09AB58D1DF95A2246?ln=primefaces&v=6.1	1553702076655	1553702076738	OK	 
REQUEST	1		jquery.js.jsf;jsessionid=08AB41D4F7EFFA3C8E02FE697F90110A?ln=primefaces&v=6.1	1553702076637	1553702076745	OK	 
REQUEST	2		core.js.jsf;jsessionid=3DC6973B73307BA09AB58D1DF95A2246?ln=primefaces&v=6.1	1553702076654	1553702076749	OK	 
REQUEST	2		jquery.js.jsf;jsessionid=3DC6973B73307BA09AB58D1DF95A2246?ln=primefaces&v=6.1	1553702076646	1553702076752	OK	 
REQUEST	1		core.js.jsf;jsessionid=08AB41D4F7EFFA3C8E02FE697F90110A?ln=primefaces&v=6.1	1553702076639	1553702076755	OK	 
USER	Simulation_Select	3	START	1553702076766	1553702076766
REQUEST	1		components.css.jsf;jsessionid=08AB41D4F7EFFA3C8E02FE697F90110A?ln=primefaces&v=6.1	1553702076636	1553702076806	OK	 
REQUEST	2		components.css.jsf;jsessionid=3DC6973B73307BA09AB58D1DF95A2246?ln=primefaces&v=6.1	1553702076646	1553702076804	OK	 
REQUEST	1		components.js.jsf;jsessionid=08AB41D4F7EFFA3C8E02FE697F90110A?ln=primefaces&v=6.1	1553702076639	1553702076842	OK	 
REQUEST	2		theme.css.jsf?ln=primefaces-my-theme-new	1553702076635	1553702076844	OK	 
REQUEST	2		inputnumber.js.jsf;jsessionid=3DC6973B73307BA09AB58D1DF95A2246?ln=primefaces&v=6.1	1553702076719	1553702076861	OK	 
REQUEST	2		inputnumber.css.jsf;jsessionid=3DC6973B73307BA09AB58D1DF95A2246?ln=primefaces&v=6.1	1553702076739	1553702076863	OK	 
REQUEST	1		theme.css.jsf?ln=primefaces-my-theme-new	1553702076635	1553702076844	OK	 
REQUEST	1		inputnumber.js.jsf;jsessionid=08AB41D4F7EFFA3C8E02FE697F90110A?ln=primefaces&v=6.1	1553702076747	1553702076870	OK	 
REQUEST	1		jquery-plugins.js.jsf;jsessionid=08AB41D4F7EFFA3C8E02FE697F90110A?ln=primefaces&v=6.1	1553702076638	1553702076871	OK	 
REQUEST	3		InitialRequest	1553702076767	1553702076907	OK	 
REQUEST	1		inputnumber.css.jsf;jsessionid=08AB41D4F7EFFA3C8E02FE697F90110A?ln=primefaces&v=6.1	1553702076756	1553702076872	OK	 
REQUEST	2		resources: primefaces-theme-css	1553702076754	1553702076913	KO	status.find.in(200,201,202,203,204,205,206,207,208,209,304), found 404
REQUEST	1		resources: primefaces-theme-css	1553702076843	1553702076916	KO	status.find.in(200,201,202,203,204,205,206,207,208,209,304), found 404
REQUEST	1		loader.gif;jsessionid=08AB41D4F7EFFA3C8E02FE697F90110A?pfdrid_c=true	1553702076841	1553702076941	OK	 
REQUEST	2		loader.gif;jsessionid=3DC6973B73307BA09AB58D1DF95A2246?pfdrid_c=true	1553702076751	1553702076944	OK	 
REQUEST	3		theme.css.jsf?ln=primefaces-my-theme-new	1553702076922	1553702076954	OK	 
REQUEST	3		inputnumber.js.jsf;jsessionid=DD4F8CCB10EE18CA788E0E9BD77091E4?ln=primefaces&v=6.1	1553702076955	1553702076963	OK	 
REQUEST	3		inputnumber.css.jsf;jsessionid=DD4F8CCB10EE18CA788E0E9BD77091E4?ln=primefaces&v=6.1	1553702076964	1553702077028	OK	 
REQUEST	3		core.js.jsf;jsessionid=DD4F8CCB10EE18CA788E0E9BD77091E4?ln=primefaces&v=6.1	1553702076932	1553702077033	OK	 
REQUEST	3		jquery.js.jsf;jsessionid=DD4F8CCB10EE18CA788E0E9BD77091E4?ln=primefaces&v=6.1	1553702076929	1553702077039	OK	 
REQUEST	3		components.css.jsf;jsessionid=DD4F8CCB10EE18CA788E0E9BD77091E4?ln=primefaces&v=6.1	1553702076923	1553702077046	OK	 
REQUEST	3		components.js.jsf;jsessionid=DD4F8CCB10EE18CA788E0E9BD77091E4?ln=primefaces&v=6.1	1553702076932	1553702077061	OK	 
REQUEST	3		jquery-plugins.js.jsf;jsessionid=DD4F8CCB10EE18CA788E0E9BD77091E4?ln=primefaces&v=6.1	1553702076930	1553702077069	OK	 
REQUEST	3		resources: primefaces-theme-css	1553702077034	1553702077072	KO	status.find.in(200,201,202,203,204,205,206,207,208,209,304), found 404
REQUEST	3		loader.gif;jsessionid=DD4F8CCB10EE18CA788E0E9BD77091E4?pfdrid_c=true	1553702077031	1553702077075	OK	 
REQUEST	2		Select	1553702076960	1553702077115	OK	 
REQUEST	1		Select	1553702076958	1553702077115	OK	 
REQUEST	3		Select	1553702077077	1553702077128	OK	 
USER	Simulation_Select	4	START	1553702077686	1553702077686
REQUEST	4		InitialRequest	1553702077688	1553702077739	OK	 
REQUEST	4		theme.css.jsf?ln=primefaces-my-theme-new	1553702077753	1553702077776	OK	 
REQUEST	4		core.js.jsf;jsessionid=9CF2250AD7D9177BB42D8FEC11E2E15C?ln=primefaces&v=6.1	1553702077758	1553702077787	OK	 
REQUEST	4		components.css.jsf;jsessionid=9CF2250AD7D9177BB42D8FEC11E2E15C?ln=primefaces&v=6.1	1553702077754	1553702077794	OK	 
REQUEST	4		inputnumber.js.jsf;jsessionid=9CF2250AD7D9177BB42D8FEC11E2E15C?ln=primefaces&v=6.1	1553702077780	1553702077803	OK	 
REQUEST	4		jquery.js.jsf;jsessionid=9CF2250AD7D9177BB42D8FEC11E2E15C?ln=primefaces&v=6.1	1553702077756	1553702077811	OK	 
REQUEST	4		resources: primefaces-theme-css	1553702077805	1553702077813	KO	status.find.in(200,201,202,203,204,205,206,207,208,209,304), found 404
REQUEST	4		loader.gif;jsessionid=9CF2250AD7D9177BB42D8FEC11E2E15C?pfdrid_c=true	1553702077798	1553702077816	OK	 
REQUEST	4		inputnumber.css.jsf;jsessionid=9CF2250AD7D9177BB42D8FEC11E2E15C?ln=primefaces&v=6.1	1553702077788	1553702077818	OK	 
REQUEST	4		components.js.jsf;jsessionid=9CF2250AD7D9177BB42D8FEC11E2E15C?ln=primefaces&v=6.1	1553702077759	1553702077834	OK	 
REQUEST	4		jquery-plugins.js.jsf;jsessionid=9CF2250AD7D9177BB42D8FEC11E2E15C?ln=primefaces&v=6.1	1553702077757	1553702077839	OK	 
REQUEST	4		Select	1553702077841	1553702077869	OK	 
REQUEST	2		Select	1553702078138	1553702078171	OK	 
REQUEST	1		Select	1553702078138	1553702078176	OK	 
REQUEST	3		Select	1553702078158	1553702078195	OK	 
USER	Simulation_Select	5	START	1553702078686	1553702078686
REQUEST	5		InitialRequest	1553702078688	1553702078744	OK	 
REQUEST	5		theme.css.jsf?ln=primefaces-my-theme-new	1553702078756	1553702078777	OK	 
REQUEST	5		core.js.jsf;jsessionid=A38471A73628E435DEAEAD96F1D19613?ln=primefaces&v=6.1	1553702078760	1553702078787	OK	 
REQUEST	5		inputnumber.js.jsf;jsessionid=A38471A73628E435DEAEAD96F1D19613?ln=primefaces&v=6.1	1553702078779	1553702078794	OK	 
REQUEST	5		components.css.jsf;jsessionid=A38471A73628E435DEAEAD96F1D19613?ln=primefaces&v=6.1	1553702078757	1553702078798	OK	 
REQUEST	5		inputnumber.css.jsf;jsessionid=A38471A73628E435DEAEAD96F1D19613?ln=primefaces&v=6.1	1553702078788	1553702078803	OK	 
REQUEST	5		loader.gif;jsessionid=A38471A73628E435DEAEAD96F1D19613?pfdrid_c=true	1553702078796	1553702078808	OK	 
REQUEST	5		resources: primefaces-theme-css	1553702078802	1553702078810	KO	status.find.in(200,201,202,203,204,205,206,207,208,209,304), found 404
REQUEST	5		jquery-plugins.js.jsf;jsessionid=A38471A73628E435DEAEAD96F1D19613?ln=primefaces&v=6.1	1553702078759	1553702078818	OK	 
REQUEST	5		jquery.js.jsf;jsessionid=A38471A73628E435DEAEAD96F1D19613?ln=primefaces&v=6.1	1553702078758	1553702078821	OK	 
REQUEST	5		components.js.jsf;jsessionid=A38471A73628E435DEAEAD96F1D19613?ln=primefaces&v=6.1	1553702078761	1553702078829	OK	 
REQUEST	5		Select	1553702078830	1553702078853	OK	 
REQUEST	4		Select	1553702078887	1553702078905	OK	 
REQUEST	2		Select	1553702079168	1553702079198	OK	 
REQUEST	3		Select	1553702079197	1553702079241	OK	 
REQUEST	1		Select	1553702079188	1553702079243	OK	 
USER	Simulation_Select	6	START	1553702079687	1553702079687
REQUEST	6		InitialRequest	1553702079688	1553702079738	OK	 
REQUEST	6		theme.css.jsf?ln=primefaces-my-theme-new	1553702079758	1553702079775	OK	 
REQUEST	6		inputnumber.js.jsf;jsessionid=B4C29491813E39E66F956289B52751B3?ln=primefaces&v=6.1	1553702079778	1553702079787	OK	 
REQUEST	6		inputnumber.css.jsf;jsessionid=B4C29491813E39E66F956289B52751B3?ln=primefaces&v=6.1	1553702079789	1553702079797	OK	 
REQUEST	6		loader.gif;jsessionid=B4C29491813E39E66F956289B52751B3?pfdrid_c=true	1553702079801	1553702079806	OK	 
REQUEST	6		resources: primefaces-theme-css	1553702079807	1553702079811	KO	